2013/07/27 15:49:06 [error] [exception.CHttpException.404] exception 'CHttpException' with message 'Unable to resolve the request "blog/post/index".' in C:\make a website\business\protected\framework\web\CWebApplication.php:286
Stack trace:
#0 C:\make a website\business\protected\framework\web\CWebApplication.php(141): CWebApplication->runController('blog/post/index')
#1 C:\make a website\business\protected\framework\base\CApplication.php(169): CWebApplication->processRequest()
#2 C:\make a website\business\index.php(13): CApplication->run()
#3 {main}
REQUEST_URI=/index.php/blog/post/index
HTTP_REFERER=http://business/
---
2013/07/27 16:11:25 [error] [exception.CException] exception 'CException' with message 'Property "TbNavbar.itemOptions" is not defined.' in C:\make a website\business\protected\framework\base\CComponent.php:173
Stack trace:
#0 C:\make a website\business\protected\framework\web\CWidgetFactory.php(161): CComponent->__set('itemOptions', Array)
#1 C:\make a website\business\protected\framework\web\CBaseController.php(146): CWidgetFactory->createWidget(Object(SiteController), 'bootstrap.widge...', Array)
#2 C:\make a website\business\protected\framework\web\CBaseController.php(172): CBaseController->createWidget('bootstrap.widge...', Array)
#3 C:\make a website\business\protected\views\layouts\main.php(74): CBaseController->widget('bootstrap.widge...', Array)
#4 C:\make a website\business\protected\framework\web\CBaseController.php(126): require('C:\make a websi...')
#5 C:\make a website\business\protected\framework\web\CBaseController.php(95): CBaseController->renderInternal('C:\make a websi...', Array, true)
#6 C:\make a website\business\protected\framework\web\widgets\CContentDecorator.php(76): CBaseController->renderFile('C:\make a websi...', Array, true)
#7 C:\make a website\business\protected\framework\web\widgets\CContentDecorator.php(54): CContentDecorator->decorate('<div id="conten...')
#8 C:\make a website\business\protected\framework\web\widgets\COutputProcessor.php(44): CContentDecorator->processOutput('<div id="conten...')
#9 C:\make a website\business\protected\framework\web\CBaseController.php(206): COutputProcessor->run()
#10 C:\make a website\business\protected\framework\web\CBaseController.php(300): CBaseController->endWidget('CContentDecorat...')
#11 C:\make a website\business\protected\views\layouts\column1.php(6): CBaseController->endContent()
#12 C:\make a website\business\protected\framework\web\CBaseController.php(126): require('C:\make a websi...')
#13 C:\make a website\business\protected\framework\web\CBaseController.php(95): CBaseController->renderInternal('C:\make a websi...', Array, true)
#14 C:\make a website\business\protected\framework\web\CController.php(784): CBaseController->renderFile('C:\make a websi...', Array, true)
#15 C:\make a website\business\protected\controllers\SiteController.php(32): CController->render('index')
#16 C:\make a website\business\protected\framework\web\actions\CInlineAction.php(49): SiteController->actionIndex()
#17 C:\make a website\business\protected\framework\web\CController.php(308): CInlineAction->runWithParams(Array)
#18 C:\make a website\business\protected\framework\web\CController.php(286): CController->runAction(Object(CInlineAction))
#19 C:\make a website\business\protected\framework\web\CController.php(265): CController->runActionWithFilters(Object(CInlineAction), Array)
#20 C:\make a website\business\protected\framework\web\CWebApplication.php(282): CController->run('')
#21 C:\make a website\business\protected\framework\web\CWebApplication.php(141): CWebApplication->runController('')
#22 C:\make a website\business\protected\framework\base\CApplication.php(169): CWebApplication->processRequest()
#23 C:\make a website\business\index.php(13): CApplication->run()
#24 {main}
REQUEST_URI=/
---
2013/07/27 16:11:26 [error] [exception.CException] exception 'CException' with message 'Property "TbNavbar.itemOptions" is not defined.' in C:\make a website\business\protected\framework\base\CComponent.php:173
Stack trace:
#0 C:\make a website\business\protected\framework\web\CWidgetFactory.php(161): CComponent->__set('itemOptions', Array)
#1 C:\make a website\business\protected\framework\web\CBaseController.php(146): CWidgetFactory->createWidget(Object(SiteController), 'bootstrap.widge...', Array)
#2 C:\make a website\business\protected\framework\web\CBaseController.php(172): CBaseController->createWidget('bootstrap.widge...', Array)
#3 C:\make a website\business\protected\views\layouts\main.php(74): CBaseController->widget('bootstrap.widge...', Array)
#4 C:\make a website\business\protected\framework\web\CBaseController.php(126): require('C:\make a websi...')
#5 C:\make a website\business\protected\framework\web\CBaseController.php(95): CBaseController->renderInternal('C:\make a websi...', Array, true)
#6 C:\make a website\business\protected\framework\web\widgets\CContentDecorator.php(76): CBaseController->renderFile('C:\make a websi...', Array, true)
#7 C:\make a website\business\protected\framework\web\widgets\CContentDecorator.php(54): CContentDecorator->decorate('<div id="conten...')
#8 C:\make a website\business\protected\framework\web\widgets\COutputProcessor.php(44): CContentDecorator->processOutput('<div id="conten...')
#9 C:\make a website\business\protected\framework\web\CBaseController.php(206): COutputProcessor->run()
#10 C:\make a website\business\protected\framework\web\CBaseController.php(300): CBaseController->endWidget('CContentDecorat...')
#11 C:\make a website\business\protected\views\layouts\column1.php(6): CBaseController->endContent()
#12 C:\make a website\business\protected\framework\web\CBaseController.php(126): require('C:\make a websi...')
#13 C:\make a website\business\protected\framework\web\CBaseController.php(95): CBaseController->renderInternal('C:\make a websi...', Array, true)
#14 C:\make a website\business\protected\framework\web\CController.php(784): CBaseController->renderFile('C:\make a websi...', Array, true)
#15 C:\make a website\business\protected\controllers\SiteController.php(32): CController->render('index')
#16 C:\make a website\business\protected\framework\web\actions\CInlineAction.php(49): SiteController->actionIndex()
#17 C:\make a website\business\protected\framework\web\CController.php(308): CInlineAction->runWithParams(Array)
#18 C:\make a website\business\protected\framework\web\CController.php(286): CController->runAction(Object(CInlineAction))
#19 C:\make a website\business\protected\framework\web\CController.php(265): CController->runActionWithFilters(Object(CInlineAction), Array)
#20 C:\make a website\business\protected\framework\web\CWebApplication.php(282): CController->run('')
#21 C:\make a website\business\protected\framework\web\CWebApplication.php(141): CWebApplication->runController('')
#22 C:\make a website\business\protected\framework\base\CApplication.php(169): CWebApplication->processRequest()
#23 C:\make a website\business\index.php(13): CApplication->run()
#24 {main}
REQUEST_URI=/
---
2013/07/27 16:11:41 [error] [exception.CException] exception 'CException' with message 'Property "TbNavbar.linkOptions" is not defined.' in C:\make a website\business\protected\framework\base\CComponent.php:173
Stack trace:
#0 C:\make a website\business\protected\framework\web\CWidgetFactory.php(161): CComponent->__set('linkOptions', Array)
#1 C:\make a website\business\protected\framework\web\CBaseController.php(146): CWidgetFactory->createWidget(Object(SiteController), 'bootstrap.widge...', Array)
#2 C:\make a website\business\protected\framework\web\CBaseController.php(172): CBaseController->createWidget('bootstrap.widge...', Array)
#3 C:\make a website\business\protected\views\layouts\main.php(74): CBaseController->widget('bootstrap.widge...', Array)
#4 C:\make a website\business\protected\framework\web\CBaseController.php(126): require('C:\make a websi...')
#5 C:\make a website\business\protected\framework\web\CBaseController.php(95): CBaseController->renderInternal('C:\make a websi...', Array, true)
#6 C:\make a website\business\protected\framework\web\widgets\CContentDecorator.php(76): CBaseController->renderFile('C:\make a websi...', Array, true)
#7 C:\make a website\business\protected\framework\web\widgets\CContentDecorator.php(54): CContentDecorator->decorate('<div id="conten...')
#8 C:\make a website\business\protected\framework\web\widgets\COutputProcessor.php(44): CContentDecorator->processOutput('<div id="conten...')
#9 C:\make a website\business\protected\framework\web\CBaseController.php(206): COutputProcessor->run()
#10 C:\make a website\business\protected\framework\web\CBaseController.php(300): CBaseController->endWidget('CContentDecorat...')
#11 C:\make a website\business\protected\views\layouts\column1.php(6): CBaseController->endContent()
#12 C:\make a website\business\protected\framework\web\CBaseController.php(126): require('C:\make a websi...')
#13 C:\make a website\business\protected\framework\web\CBaseController.php(95): CBaseController->renderInternal('C:\make a websi...', Array, true)
#14 C:\make a website\business\protected\framework\web\CController.php(784): CBaseController->renderFile('C:\make a websi...', Array, true)
#15 C:\make a website\business\protected\controllers\SiteController.php(32): CController->render('index')
#16 C:\make a website\business\protected\framework\web\actions\CInlineAction.php(49): SiteController->actionIndex()
#17 C:\make a website\business\protected\framework\web\CController.php(308): CInlineAction->runWithParams(Array)
#18 C:\make a website\business\protected\framework\web\CController.php(286): CController->runAction(Object(CInlineAction))
#19 C:\make a website\business\protected\framework\web\CController.php(265): CController->runActionWithFilters(Object(CInlineAction), Array)
#20 C:\make a website\business\protected\framework\web\CWebApplication.php(282): CController->run('')
#21 C:\make a website\business\protected\framework\web\CWebApplication.php(141): CWebApplication->runController('')
#22 C:\make a website\business\protected\framework\base\CApplication.php(169): CWebApplication->processRequest()
#23 C:\make a website\business\index.php(13): CApplication->run()
#24 {main}
REQUEST_URI=/
---
2013/07/27 16:11:42 [error] [exception.CException] exception 'CException' with message 'Property "TbNavbar.linkOptions" is not defined.' in C:\make a website\business\protected\framework\base\CComponent.php:173
Stack trace:
#0 C:\make a website\business\protected\framework\web\CWidgetFactory.php(161): CComponent->__set('linkOptions', Array)
#1 C:\make a website\business\protected\framework\web\CBaseController.php(146): CWidgetFactory->createWidget(Object(SiteController), 'bootstrap.widge...', Array)
#2 C:\make a website\business\protected\framework\web\CBaseController.php(172): CBaseController->createWidget('bootstrap.widge...', Array)
#3 C:\make a website\business\protected\views\layouts\main.php(74): CBaseController->widget('bootstrap.widge...', Array)
#4 C:\make a website\business\protected\framework\web\CBaseController.php(126): require('C:\make a websi...')
#5 C:\make a website\business\protected\framework\web\CBaseController.php(95): CBaseController->renderInternal('C:\make a websi...', Array, true)
#6 C:\make a website\business\protected\framework\web\widgets\CContentDecorator.php(76): CBaseController->renderFile('C:\make a websi...', Array, true)
#7 C:\make a website\business\protected\framework\web\widgets\CContentDecorator.php(54): CContentDecorator->decorate('<div id="conten...')
#8 C:\make a website\business\protected\framework\web\widgets\COutputProcessor.php(44): CContentDecorator->processOutput('<div id="conten...')
#9 C:\make a website\business\protected\framework\web\CBaseController.php(206): COutputProcessor->run()
#10 C:\make a website\business\protected\framework\web\CBaseController.php(300): CBaseController->endWidget('CContentDecorat...')
#11 C:\make a website\business\protected\views\layouts\column1.php(6): CBaseController->endContent()
#12 C:\make a website\business\protected\framework\web\CBaseController.php(126): require('C:\make a websi...')
#13 C:\make a website\business\protected\framework\web\CBaseController.php(95): CBaseController->renderInternal('C:\make a websi...', Array, true)
#14 C:\make a website\business\protected\framework\web\CController.php(784): CBaseController->renderFile('C:\make a websi...', Array, true)
#15 C:\make a website\business\protected\controllers\SiteController.php(32): CController->render('index')
#16 C:\make a website\business\protected\framework\web\actions\CInlineAction.php(49): SiteController->actionIndex()
#17 C:\make a website\business\protected\framework\web\CController.php(308): CInlineAction->runWithParams(Array)
#18 C:\make a website\business\protected\framework\web\CController.php(286): CController->runAction(Object(CInlineAction))
#19 C:\make a website\business\protected\framework\web\CController.php(265): CController->runActionWithFilters(Object(CInlineAction), Array)
#20 C:\make a website\business\protected\framework\web\CWebApplication.php(282): CController->run('')
#21 C:\make a website\business\protected\framework\web\CWebApplication.php(141): CWebApplication->runController('')
#22 C:\make a website\business\protected\framework\base\CApplication.php(169): CWebApplication->processRequest()
#23 C:\make a website\business\index.php(13): CApplication->run()
#24 {main}
REQUEST_URI=/
---
2013/07/27 16:12:56 [error] [php] Use of undefined constant inverse - assumed 'inverse' (C:\make a website\business\protected\views\layouts\main.php:42)
Stack trace:
#0 C:\make a website\business\protected\framework\web\widgets\CContentDecorator.php(76): SiteController->renderFile()
#1 C:\make a website\business\protected\framework\web\widgets\CContentDecorator.php(54): CContentDecorator->decorate()
#2 C:\make a website\business\protected\framework\web\widgets\COutputProcessor.php(44): CContentDecorator->processOutput()
#3 C:\make a website\business\protected\framework\web\CBaseController.php(206): CContentDecorator->run()
#4 C:\make a website\business\protected\framework\web\CBaseController.php(300): SiteController->endWidget()
#5 C:\make a website\business\protected\views\layouts\column1.php(6): SiteController->endContent()
#6 C:\make a website\business\protected\framework\web\CBaseController.php(126): require()
#7 C:\make a website\business\protected\framework\web\CBaseController.php(95): SiteController->renderInternal()
#8 C:\make a website\business\protected\framework\web\CController.php(784): SiteController->renderFile()
#9 C:\make a website\business\protected\controllers\SiteController.php(32): SiteController->render()
#10 C:\make a website\business\protected\framework\web\actions\CInlineAction.php(49): SiteController->actionIndex()
#11 C:\make a website\business\protected\framework\web\CController.php(308): CInlineAction->runWithParams()
#12 C:\make a website\business\protected\framework\web\CController.php(286): SiteController->runAction()
#13 C:\make a website\business\protected\framework\web\CController.php(265): SiteController->runActionWithFilters()
#14 C:\make a website\business\protected\framework\web\CWebApplication.php(282): SiteController->run()
#15 C:\make a website\business\protected\framework\web\CWebApplication.php(141): CWebApplication->runController()
#16 C:\make a website\business\protected\framework\base\CApplication.php(169): CWebApplication->processRequest()
#17 C:\make a website\business\index.php(13): CWebApplication->run()
REQUEST_URI=/
in C:\make a website\business\protected\views\layouts\main.php (42)
in C:\make a website\business\protected\views\layouts\column1.php (6)
in C:\make a website\business\protected\controllers\SiteController.php (32)
2013/08/03 22:19:16 [error] [exception.CHttpException.404] exception 'CHttpException' with message 'Unable to resolve the request "signin.html".' in C:\make a website\business\protected\framework\web\CWebApplication.php:286
Stack trace:
#0 C:\make a website\business\protected\framework\web\CWebApplication.php(141): CWebApplication->runController('signin.html')
#1 C:\make a website\business\protected\framework\base\CApplication.php(169): CWebApplication->processRequest()
#2 C:\make a website\business\index.php(13): CApplication->run()
#3 {main}
REQUEST_URI=/signin.html
HTTP_REFERER=http://business/
---
2013/08/03 22:19:20 [error] [exception.CHttpException.404] exception 'CHttpException' with message 'Unable to resolve the request "signup.html".' in C:\make a website\business\protected\framework\web\CWebApplication.php:286
Stack trace:
#0 C:\make a website\business\protected\framework\web\CWebApplication.php(141): CWebApplication->runController('signup.html')
#1 C:\make a website\business\protected\framework\base\CApplication.php(169): CWebApplication->processRequest()
#2 C:\make a website\business\index.php(13): CApplication->run()
#3 {main}
REQUEST_URI=/signup.html
HTTP_REFERER=http://business/signin.html
---
2013/08/03 22:22:38 [error] [exception.CException] exception 'CException' with message 'Property "HomeModel.title" is not defined.' in C:\make a website\business\protected\framework\base\CComponent.php:130
Stack trace:
#0 C:\make a website\business\protected\framework\db\ar\CActiveRecord.php(143): CComponent->__get('title')
#1 C:\make a website\business\protected\framework\web\helpers\CHtml.php(2255): CActiveRecord->__get('title')
#2 C:\make a website\business\protected\framework\web\helpers\CHtml.php(1980): CHtml::resolveValue(Object(HomeModel), 'title')
#3 C:\make a website\business\protected\framework\web\helpers\CHtml.php(1257): CHtml::activeInputField('text', Object(HomeModel), 'title', Array)
#4 C:\make a website\business\protected\framework\web\widgets\CActiveForm.php(657): CHtml::activeTextField(Object(HomeModel), 'title', Array)
#5 C:\make a website\business\protected\modules\admin\views\home\_search.php(21): CActiveForm->textField(Object(HomeModel), 'title', Array)
#6 C:\make a website\business\protected\framework\web\CBaseController.php(126): require('C:\make a websi...')
#7 C:\make a website\business\protected\framework\web\CBaseController.php(95): CBaseController->renderInternal('C:\make a websi...', Array, true)
#8 C:\make a website\business\protected\framework\web\CController.php(869): CBaseController->renderFile('C:\make a websi...', Array, true)
#9 C:\make a website\business\protected\modules\admin\views\home\admin.php(40): CController->renderPartial('_search', Array)
#10 C:\make a website\business\protected\framework\web\CBaseController.php(126): require('C:\make a websi...')
#11 C:\make a website\business\protected\framework\web\CBaseController.php(95): CBaseController->renderInternal('C:\make a websi...', Array, true)
#12 C:\make a website\business\protected\framework\web\CController.php(869): CBaseController->renderFile('C:\make a websi...', Array, true)
#13 C:\make a website\business\protected\framework\web\CController.php(782): CController->renderPartial('admin', Array, true)
#14 C:\make a website\business\protected\modules\admin\controllers\HomeController.php(143): CController->render('admin', Array)
#15 C:\make a website\business\protected\framework\web\actions\CInlineAction.php(49): HomeController->actionAdmin()
#16 C:\make a website\business\protected\framework\web\CController.php(308): CInlineAction->runWithParams(Array)
#17 C:\make a website\business\protected\framework\web\filters\CFilterChain.php(133): CController->runAction(Object(CInlineAction))
#18 C:\make a website\business\protected\framework\web\filters\CFilter.php(40): CFilterChain->run()
#19 C:\make a website\business\protected\framework\web\CController.php(1145): CFilter->filter(Object(CFilterChain))
#20 C:\make a website\business\protected\framework\web\filters\CInlineFilter.php(58): CController->filterAccessControl(Object(CFilterChain))
#21 C:\make a website\business\protected\framework\web\filters\CFilterChain.php(130): CInlineFilter->filter(Object(CFilterChain))
#22 C:\make a website\business\protected\framework\web\CController.php(291): CFilterChain->run()
#23 C:\make a website\business\protected\framework\web\CController.php(265): CController->runActionWithFilters(Object(CInlineAction), Array)
#24 C:\make a website\business\protected\framework\web\CWebApplication.php(282): CController->run('admin')
#25 C:\make a website\business\protected\framework\web\CWebApplication.php(141): CWebApplication->runController('admin/home/admi...')
#26 C:\make a website\business\protected\framework\base\CApplication.php(169): CWebApplication->processRequest()
#27 C:\make a website\business\index.php(13): CApplication->run()
#28 {main}
REQUEST_URI=/admin/home/admin/home/admin
HTTP_REFERER=http://business/admin/home/create
---
2013/08/03 22:23:04 [error] [exception.CException] exception 'CException' with message 'Property "HomeModel.title" is not defined.' in C:\make a website\business\protected\framework\base\CComponent.php:130
Stack trace:
#0 C:\make a website\business\protected\framework\db\ar\CActiveRecord.php(143): CComponent->__get('title')
#1 C:\make a website\business\protected\framework\web\helpers\CHtml.php(2255): CActiveRecord->__get('title')
#2 C:\make a website\business\protected\framework\web\helpers\CHtml.php(1980): CHtml::resolveValue(Object(HomeModel), 'title')
#3 C:\make a website\business\protected\framework\web\helpers\CHtml.php(1257): CHtml::activeInputField('text', Object(HomeModel), 'title', Array)
#4 C:\make a website\business\protected\framework\web\widgets\CActiveForm.php(657): CHtml::activeTextField(Object(HomeModel), 'title', Array)
#5 C:\make a website\business\protected\modules\admin\views\home\_search.php(21): CActiveForm->textField(Object(HomeModel), 'title', Array)
#6 C:\make a website\business\protected\framework\web\CBaseController.php(126): require('C:\make a websi...')
#7 C:\make a website\business\protected\framework\web\CBaseController.php(95): CBaseController->renderInternal('C:\make a websi...', Array, true)
#8 C:\make a website\business\protected\framework\web\CController.php(869): CBaseController->renderFile('C:\make a websi...', Array, true)
#9 C:\make a website\business\protected\modules\admin\views\home\admin.php(40): CController->renderPartial('_search', Array)
#10 C:\make a website\business\protected\framework\web\CBaseController.php(126): require('C:\make a websi...')
#11 C:\make a website\business\protected\framework\web\CBaseController.php(95): CBaseController->renderInternal('C:\make a websi...', Array, true)
#12 C:\make a website\business\protected\framework\web\CController.php(869): CBaseController->renderFile('C:\make a websi...', Array, true)
#13 C:\make a website\business\protected\framework\web\CController.php(782): CController->renderPartial('admin', Array, true)
#14 C:\make a website\business\protected\modules\admin\controllers\HomeController.php(143): CController->render('admin', Array)
#15 C:\make a website\business\protected\framework\web\actions\CInlineAction.php(49): HomeController->actionAdmin()
#16 C:\make a website\business\protected\framework\web\CController.php(308): CInlineAction->runWithParams(Array)
#17 C:\make a website\business\protected\framework\web\filters\CFilterChain.php(133): CController->runAction(Object(CInlineAction))
#18 C:\make a website\business\protected\framework\web\filters\CFilter.php(40): CFilterChain->run()
#19 C:\make a website\business\protected\framework\web\CController.php(1145): CFilter->filter(Object(CFilterChain))
#20 C:\make a website\business\protected\framework\web\filters\CInlineFilter.php(58): CController->filterAccessControl(Object(CFilterChain))
#21 C:\make a website\business\protected\framework\web\filters\CFilterChain.php(130): CInlineFilter->filter(Object(CFilterChain))
#22 C:\make a website\business\protected\framework\web\CController.php(291): CFilterChain->run()
#23 C:\make a website\business\protected\framework\web\CController.php(265): CController->runActionWithFilters(Object(CInlineAction), Array)
#24 C:\make a website\business\protected\framework\web\CWebApplication.php(282): CController->run('admin')
#25 C:\make a website\business\protected\framework\web\CWebApplication.php(141): CWebApplication->runController('admin/home/admi...')
#26 C:\make a website\business\protected\framework\base\CApplication.php(169): CWebApplication->processRequest()
#27 C:\make a website\business\index.php(13): CApplication->run()
#28 {main}
REQUEST_URI=/admin/home/admin/home/admin
HTTP_REFERER=http://business/admin/home/create
---
2013/08/03 22:23:30 [error] [exception.CException] exception 'CException' with message 'Property "HomeModel.title" is not defined.' in C:\make a website\business\protected\framework\base\CComponent.php:130
Stack trace:
#0 C:\make a website\business\protected\framework\db\ar\CActiveRecord.php(143): CComponent->__get('title')
#1 C:\make a website\business\protected\framework\web\helpers\CHtml.php(2255): CActiveRecord->__get('title')
#2 C:\make a website\business\protected\framework\web\helpers\CHtml.php(1980): CHtml::resolveValue(Object(HomeModel), 'title')
#3 C:\make a website\business\protected\framework\web\helpers\CHtml.php(1257): CHtml::activeInputField('text', Object(HomeModel), 'title', Array)
#4 C:\make a website\business\protected\framework\web\widgets\CActiveForm.php(657): CHtml::activeTextField(Object(HomeModel), 'title', Array)
#5 C:\make a website\business\protected\modules\admin\views\home\_search.php(21): CActiveForm->textField(Object(HomeModel), 'title', Array)
#6 C:\make a website\business\protected\framework\web\CBaseController.php(126): require('C:\make a websi...')
#7 C:\make a website\business\protected\framework\web\CBaseController.php(95): CBaseController->renderInternal('C:\make a websi...', Array, true)
#8 C:\make a website\business\protected\framework\web\CController.php(869): CBaseController->renderFile('C:\make a websi...', Array, true)
#9 C:\make a website\business\protected\modules\admin\views\home\admin.php(40): CController->renderPartial('_search', Array)
#10 C:\make a website\business\protected\framework\web\CBaseController.php(126): require('C:\make a websi...')
#11 C:\make a website\business\protected\framework\web\CBaseController.php(95): CBaseController->renderInternal('C:\make a websi...', Array, true)
#12 C:\make a website\business\protected\framework\web\CController.php(869): CBaseController->renderFile('C:\make a websi...', Array, true)
#13 C:\make a website\business\protected\framework\web\CController.php(782): CController->renderPartial('admin', Array, true)
#14 C:\make a website\business\protected\modules\admin\controllers\HomeController.php(143): CController->render('admin', Array)
#15 C:\make a website\business\protected\framework\web\actions\CInlineAction.php(49): HomeController->actionAdmin()
#16 C:\make a website\business\protected\framework\web\CController.php(308): CInlineAction->runWithParams(Array)
#17 C:\make a website\business\protected\framework\web\filters\CFilterChain.php(133): CController->runAction(Object(CInlineAction))
#18 C:\make a website\business\protected\framework\web\filters\CFilter.php(40): CFilterChain->run()
#19 C:\make a website\business\protected\framework\web\CController.php(1145): CFilter->filter(Object(CFilterChain))
#20 C:\make a website\business\protected\framework\web\filters\CInlineFilter.php(58): CController->filterAccessControl(Object(CFilterChain))
#21 C:\make a website\business\protected\framework\web\filters\CFilterChain.php(130): CInlineFilter->filter(Object(CFilterChain))
#22 C:\make a website\business\protected\framework\web\CController.php(291): CFilterChain->run()
#23 C:\make a website\business\protected\framework\web\CController.php(265): CController->runActionWithFilters(Object(CInlineAction), Array)
#24 C:\make a website\business\protected\framework\web\CWebApplication.php(282): CController->run('admin')
#25 C:\make a website\business\protected\framework\web\CWebApplication.php(141): CWebApplication->runController('admin/home/admi...')
#26 C:\make a website\business\protected\framework\base\CApplication.php(169): CWebApplication->processRequest()
#27 C:\make a website\business\index.php(13): CApplication->run()
#28 {main}
REQUEST_URI=/admin/home/admin/home/admin
HTTP_REFERER=http://business/admin/home/create
---
2013/08/03 22:24:16 [error] [exception.CException] exception 'CException' with message 'Property "HomeModel.title" is not defined.' in C:\make a website\business\protected\framework\base\CComponent.php:130
Stack trace:
#0 C:\make a website\business\protected\framework\db\ar\CActiveRecord.php(143): CComponent->__get('title')
#1 C:\make a website\business\protected\framework\web\helpers\CHtml.php(2255): CActiveRecord->__get('title')
#2 C:\make a website\business\protected\framework\web\helpers\CHtml.php(1980): CHtml::resolveValue(Object(HomeModel), 'title')
#3 C:\make a website\business\protected\framework\web\helpers\CHtml.php(1257): CHtml::activeInputField('text', Object(HomeModel), 'title', Array)
#4 C:\make a website\business\protected\framework\web\widgets\CActiveForm.php(657): CHtml::activeTextField(Object(HomeModel), 'title', Array)
#5 C:\make a website\business\protected\modules\admin\views\home\_search.php(21): CActiveForm->textField(Object(HomeModel), 'title', Array)
#6 C:\make a website\business\protected\framework\web\CBaseController.php(126): require('C:\make a websi...')
#7 C:\make a website\business\protected\framework\web\CBaseController.php(95): CBaseController->renderInternal('C:\make a websi...', Array, true)
#8 C:\make a website\business\protected\framework\web\CController.php(869): CBaseController->renderFile('C:\make a websi...', Array, true)
#9 C:\make a website\business\protected\modules\admin\views\home\admin.php(40): CController->renderPartial('_search', Array)
#10 C:\make a website\business\protected\framework\web\CBaseController.php(126): require('C:\make a websi...')
#11 C:\make a website\business\protected\framework\web\CBaseController.php(95): CBaseController->renderInternal('C:\make a websi...', Array, true)
#12 C:\make a website\business\protected\framework\web\CController.php(869): CBaseController->renderFile('C:\make a websi...', Array, true)
#13 C:\make a website\business\protected\framework\web\CController.php(782): CController->renderPartial('admin', Array, true)
#14 C:\make a website\business\protected\modules\admin\controllers\HomeController.php(143): CController->render('admin', Array)
#15 C:\make a website\business\protected\framework\web\actions\CInlineAction.php(49): HomeController->actionAdmin()
#16 C:\make a website\business\protected\framework\web\CController.php(308): CInlineAction->runWithParams(Array)
#17 C:\make a website\business\protected\framework\web\filters\CFilterChain.php(133): CController->runAction(Object(CInlineAction))
#18 C:\make a website\business\protected\framework\web\filters\CFilter.php(40): CFilterChain->run()
#19 C:\make a website\business\protected\framework\web\CController.php(1145): CFilter->filter(Object(CFilterChain))
#20 C:\make a website\business\protected\framework\web\filters\CInlineFilter.php(58): CController->filterAccessControl(Object(CFilterChain))
#21 C:\make a website\business\protected\framework\web\filters\CFilterChain.php(130): CInlineFilter->filter(Object(CFilterChain))
#22 C:\make a website\business\protected\framework\web\CController.php(291): CFilterChain->run()
#23 C:\make a website\business\protected\framework\web\CController.php(265): CController->runActionWithFilters(Object(CInlineAction), Array)
#24 C:\make a website\business\protected\framework\web\CWebApplication.php(282): CController->run('admin')
#25 C:\make a website\business\protected\framework\web\CWebApplication.php(141): CWebApplication->runController('admin/home/admi...')
#26 C:\make a website\business\protected\framework\base\CApplication.php(169): CWebApplication->processRequest()
#27 C:\make a website\business\index.php(13): CApplication->run()
#28 {main}
REQUEST_URI=/admin/home/admin/home/admin
HTTP_REFERER=http://business/admin/home/create
---
2013/08/03 22:27:08 [error] [exception.CHttpException.404] exception 'CHttpException' with message 'The requested page does not exist.' in C:\make a website\business\protected\modules\admin\controllers\HomeController.php:157
Stack trace:
#0 C:\make a website\business\protected\modules\admin\controllers\HomeController.php(55): HomeController->loadModel('')
#1 [internal function]: HomeController->actionView('')
#2 C:\make a website\business\protected\framework\web\actions\CAction.php(108): ReflectionMethod->invokeArgs(Object(HomeController), Array)
#3 C:\make a website\business\protected\framework\web\actions\CInlineAction.php(47): CAction->runWithParamsInternal(Object(HomeController), Object(ReflectionMethod), Array)
#4 C:\make a website\business\protected\framework\web\CController.php(308): CInlineAction->runWithParams(Array)
#5 C:\make a website\business\protected\framework\web\filters\CFilterChain.php(133): CController->runAction(Object(CInlineAction))
#6 C:\make a website\business\protected\framework\web\filters\CFilter.php(40): CFilterChain->run()
#7 C:\make a website\business\protected\framework\web\CController.php(1145): CFilter->filter(Object(CFilterChain))
#8 C:\make a website\business\protected\framework\web\filters\CInlineFilter.php(58): CController->filterAccessControl(Object(CFilterChain))
#9 C:\make a website\business\protected\framework\web\filters\CFilterChain.php(130): CInlineFilter->filter(Object(CFilterChain))
#10 C:\make a website\business\protected\framework\web\CController.php(291): CFilterChain->run()
#11 C:\make a website\business\protected\framework\web\CController.php(265): CController->runActionWithFilters(Object(CInlineAction), Array)
#12 C:\make a website\business\protected\framework\web\CWebApplication.php(282): CController->run('view')
#13 C:\make a website\business\protected\framework\web\CWebApplication.php(141): CWebApplication->runController('admin/home/view...')
#14 C:\make a website\business\protected\framework\base\CApplication.php(169): CWebApplication->processRequest()
#15 C:\make a website\business\index.php(13): CApplication->run()
#16 {main}
REQUEST_URI=/admin/home/view/id
HTTP_REFERER=http://business/admin/home/create
---
2013/08/03 22:27:38 [error] [exception.CHttpException.404] exception 'CHttpException' with message 'The requested page does not exist.' in C:\make a website\business\protected\modules\admin\controllers\HomeController.php:157
Stack trace:
#0 C:\make a website\business\protected\modules\admin\controllers\HomeController.php(55): HomeController->loadModel('')
#1 [internal function]: HomeController->actionView('')
#2 C:\make a website\business\protected\framework\web\actions\CAction.php(108): ReflectionMethod->invokeArgs(Object(HomeController), Array)
#3 C:\make a website\business\protected\framework\web\actions\CInlineAction.php(47): CAction->runWithParamsInternal(Object(HomeController), Object(ReflectionMethod), Array)
#4 C:\make a website\business\protected\framework\web\CController.php(308): CInlineAction->runWithParams(Array)
#5 C:\make a website\business\protected\framework\web\filters\CFilterChain.php(133): CController->runAction(Object(CInlineAction))
#6 C:\make a website\business\protected\framework\web\filters\CFilter.php(40): CFilterChain->run()
#7 C:\make a website\business\protected\framework\web\CController.php(1145): CFilter->filter(Object(CFilterChain))
#8 C:\make a website\business\protected\framework\web\filters\CInlineFilter.php(58): CController->filterAccessControl(Object(CFilterChain))
#9 C:\make a website\business\protected\framework\web\filters\CFilterChain.php(130): CInlineFilter->filter(Object(CFilterChain))
#10 C:\make a website\business\protected\framework\web\CController.php(291): CFilterChain->run()
#11 C:\make a website\business\protected\framework\web\CController.php(265): CController->runActionWithFilters(Object(CInlineAction), Array)
#12 C:\make a website\business\protected\framework\web\CWebApplication.php(282): CController->run('view')
#13 C:\make a website\business\protected\framework\web\CWebApplication.php(141): CWebApplication->runController('admin/home/view...')
#14 C:\make a website\business\protected\framework\base\CApplication.php(169): CWebApplication->processRequest()
#15 C:\make a website\business\index.php(13): CApplication->run()
#16 {main}
REQUEST_URI=/admin/home/view/id
HTTP_REFERER=http://business/admin/home/create
---
2013/08/03 22:53:34 [error] [exception.CHttpException.404] exception 'CHttpException' with message 'Unable to resolve the request "login".' in C:\make a website\business\protected\framework\web\CWebApplication.php:286
Stack trace:
#0 C:\make a website\business\protected\framework\web\CWebApplication.php(141): CWebApplication->runController('login')
#1 C:\make a website\business\protected\framework\base\CApplication.php(169): CWebApplication->processRequest()
#2 C:\make a website\business\index.php(13): CApplication->run()
#3 {main}
REQUEST_URI=/login
---
2013/08/03 22:53:48 [error] [exception.CHttpException.404] exception 'CHttpException' with message 'Unable to resolve the request "logout".' in C:\make a website\business\protected\framework\web\CWebApplication.php:286
Stack trace:
#0 C:\make a website\business\protected\framework\web\CWebApplication.php(141): CWebApplication->runController('logout')
#1 C:\make a website\business\protected\framework\base\CApplication.php(169): CWebApplication->processRequest()
#2 C:\make a website\business\index.php(13): CApplication->run()
#3 {main}
REQUEST_URI=/logout
---
2013/08/03 23:01:03 [error] [exception.CException] exception 'CException' with message 'SiteController contains improperly nested widget tags in its view "C:\make a website\business\protected\views\site\login.php". A CActiveForm widget does not have an endWidget() call.' in C:\make a website\business\protected\framework\web\CBaseController.php:101
Stack trace:
#0 C:\make a website\business\protected\framework\web\CController.php(869): CBaseController->renderFile('C:\make a websi...', Array, true)
#1 C:\make a website\business\protected\framework\web\CController.php(782): CController->renderPartial('login', Array, true)
#2 C:\make a website\business\protected\controllers\SiteController.php(98): CController->render('login', Array)
#3 C:\make a website\business\protected\framework\web\actions\CInlineAction.php(49): SiteController->actionLogin()
#4 C:\make a website\business\protected\framework\web\CController.php(308): CInlineAction->runWithParams(Array)
#5 C:\make a website\business\protected\framework\web\CController.php(286): CController->runAction(Object(CInlineAction))
#6 C:\make a website\business\protected\framework\web\CController.php(265): CController->runActionWithFilters(Object(CInlineAction), Array)
#7 C:\make a website\business\protected\framework\web\CWebApplication.php(282): CController->run('login')
#8 C:\make a website\business\protected\framework\web\CWebApplication.php(141): CWebApplication->runController('site/login')
#9 C:\make a website\business\protected\framework\base\CApplication.php(169): CWebApplication->processRequest()
#10 C:\make a website\business\index.php(13): CApplication->run()
#11 {main}
REQUEST_URI=/site/login
---
2013/08/03 23:02:29 [error] [exception.CHttpException.404] exception 'CHttpException' with message 'The system is unable to find the requested action "logout".' in C:\make a website\business\protected\framework\web\CController.php:483
Stack trace:
#0 C:\make a website\business\protected\framework\web\CController.php(270): CController->missingAction('logout')
#1 C:\make a website\business\protected\framework\web\CWebApplication.php(282): CController->run('logout')
#2 C:\make a website\business\protected\framework\web\CWebApplication.php(141): CWebApplication->runController('admin/default/l...')
#3 C:\make a website\business\protected\framework\base\CApplication.php(169): CWebApplication->processRequest()
#4 C:\make a website\business\index.php(13): CApplication->run()
#5 {main}
REQUEST_URI=/admin/default/logout
HTTP_REFERER=http://business/admin/home/admin
---
2013/08/04 17:16:20 [error] [exception.CHttpException.404] exception 'CHttpException' with message 'Unable to resolve the request "favicon.ico".' in C:\make a website\business\protected\framework\web\CWebApplication.php:286
Stack trace:
#0 C:\make a website\business\protected\framework\web\CWebApplication.php(141): CWebApplication->runController('favicon.ico')
#1 C:\make a website\business\protected\framework\base\CApplication.php(169): CWebApplication->processRequest()
#2 C:\make a website\business\index.php(13): CApplication->run()
#3 {main}
REQUEST_URI=/favicon.ico
---
2013/08/04 17:17:17 [error] [exception.CHttpException.404] exception 'CHttpException' with message 'Unable to resolve the request "login".' in C:\make a website\business\protected\framework\web\CWebApplication.php:286
Stack trace:
#0 C:\make a website\business\protected\framework\web\CWebApplication.php(141): CWebApplication->runController('login')
#1 C:\make a website\business\protected\framework\base\CApplication.php(169): CWebApplication->processRequest()
#2 C:\make a website\business\index.php(13): CApplication->run()
#3 {main}
REQUEST_URI=/login
HTTP_REFERER=http://business/
---
2013/08/04 17:35:13 [error] [exception.CException] exception 'CException' with message 'Alias "bootstrap.widgets.TbNavbar" is invalid. Make sure it points to an existing directory or file.' in C:\make a website\business\protected\framework\YiiBase.php:341
Stack trace:
#0 C:\make a website\business\protected\framework\web\CWidgetFactory.php(146): YiiBase::import('bootstrap.widge...', true)
#1 C:\make a website\business\protected\framework\web\CBaseController.php(146): CWidgetFactory->createWidget(Object(SiteController), 'bootstrap.widge...', Array)
#2 C:\make a website\business\protected\framework\web\CBaseController.php(172): CBaseController->createWidget('bootstrap.widge...', Array)
#3 C:\make a website\business\protected\views\layouts\main.php(69): CBaseController->widget('bootstrap.widge...', Array)
#4 C:\make a website\business\protected\framework\web\CBaseController.php(126): require('C:\make a websi...')
#5 C:\make a website\business\protected\framework\web\CBaseController.php(95): CBaseController->renderInternal('C:\make a websi...', Array, true)
#6 C:\make a website\business\protected\framework\web\widgets\CContentDecorator.php(76): CBaseController->renderFile('C:\make a websi...', Array, true)
#7 C:\make a website\business\protected\framework\web\widgets\CContentDecorator.php(54): CContentDecorator->decorate('<div id="conten...')
#8 C:\make a website\business\protected\framework\web\widgets\COutputProcessor.php(44): CContentDecorator->processOutput('<div id="conten...')
#9 C:\make a website\business\protected\framework\web\CBaseController.php(206): COutputProcessor->run()
#10 C:\make a website\business\protected\framework\web\CBaseController.php(300): CBaseController->endWidget('CContentDecorat...')
#11 C:\make a website\business\protected\views\layouts\column1.php(6): CBaseController->endContent()
#12 C:\make a website\business\protected\framework\web\CBaseController.php(126): require('C:\make a websi...')
#13 C:\make a website\business\protected\framework\web\CBaseController.php(95): CBaseController->renderInternal('C:\make a websi...', Array, true)
#14 C:\make a website\business\protected\framework\web\CController.php(784): CBaseController->renderFile('C:\make a websi...', Array, true)
#15 C:\make a website\business\protected\controllers\SiteController.php(98): CController->render('login', Array)
#16 C:\make a website\business\protected\framework\web\actions\CInlineAction.php(49): SiteController->actionLogin()
#17 C:\make a website\business\protected\framework\web\CController.php(308): CInlineAction->runWithParams(Array)
#18 C:\make a website\business\protected\framework\web\CController.php(286): CController->runAction(Object(CInlineAction))
#19 C:\make a website\business\protected\framework\web\CController.php(265): CController->runActionWithFilters(Object(CInlineAction), Array)
#20 C:\make a website\business\protected\framework\web\CWebApplication.php(282): CController->run('login')
#21 C:\make a website\business\protected\framework\web\CWebApplication.php(141): CWebApplication->runController('site/login')
#22 C:\make a website\business\protected\framework\base\CApplication.php(169): CWebApplication->processRequest()
#23 C:\make a website\business\index.php(13): CApplication->run()
#24 {main}
REQUEST_URI=/login
HTTP_REFERER=http://business/
---
2013/08/04 17:42:30 [error] [exception.CHttpException.404] exception 'CHttpException' with message 'Unable to resolve the request "logout".' in C:\make a website\business\protected\framework\web\CWebApplication.php:286
Stack trace:
#0 C:\make a website\business\protected\framework\web\CWebApplication.php(141): CWebApplication->runController('logout')
#1 C:\make a website\business\protected\framework\base\CApplication.php(169): CWebApplication->processRequest()
#2 C:\make a website\business\index.php(13): CApplication->run()
#3 {main}
REQUEST_URI=/logout
HTTP_REFERER=http://business/
---
2013/08/12 09:54:01 [error] [exception.CHttpException.404] exception 'CHttpException' with message 'Unable to resolve the request "favicon.ico".' in C:\make a website\business\protected\framework\web\CWebApplication.php:286
Stack trace:
#0 C:\make a website\business\protected\framework\web\CWebApplication.php(141): CWebApplication->runController('favicon.ico')
#1 C:\make a website\business\protected\framework\base\CApplication.php(169): CWebApplication->processRequest()
#2 C:\make a website\business\index.php(13): CApplication->run()
#3 {main}
REQUEST_URI=/favicon.ico
---
2013/08/14 18:36:18 [error] [exception.CHttpException.404] exception 'CHttpException' with message 'Unable to resolve the request "favicon.ico".' in C:\make a website\business\protected\framework\web\CWebApplication.php:286
Stack trace:
#0 C:\make a website\business\protected\framework\web\CWebApplication.php(141): CWebApplication->runController('favicon.ico')
#1 C:\make a website\business\protected\framework\base\CApplication.php(169): CWebApplication->processRequest()
#2 C:\make a website\business\index.php(13): CApplication->run()
#3 {main}
REQUEST_URI=/favicon.ico
---
2013/08/14 18:36:24 [error] [exception.CHttpException.404] exception 'CHttpException' with message 'Unable to resolve the request "signup.html".' in C:\make a website\business\protected\framework\web\CWebApplication.php:286
Stack trace:
#0 C:\make a website\business\protected\framework\web\CWebApplication.php(141): CWebApplication->runController('signup.html')
#1 C:\make a website\business\protected\framework\base\CApplication.php(169): CWebApplication->processRequest()
#2 C:\make a website\business\index.php(13): CApplication->run()
#3 {main}
REQUEST_URI=/signup.html
HTTP_REFERER=http://business/login
---
2013/08/14 19:02:29 [error] [exception.CException] exception 'CException' with message 'SiteController contains improperly nested widget tags in its view "C:\make a website\business\protected\views\site\signUp.php". A CActiveForm widget does not have an endWidget() call.' in C:\make a website\business\protected\framework\web\CBaseController.php:101
Stack trace:
#0 C:\make a website\business\protected\framework\web\CController.php(869): CBaseController->renderFile('C:\make a websi...', Array, true)
#1 C:\make a website\business\protected\framework\web\CController.php(782): CController->renderPartial('signUp', Array, true)
#2 C:\make a website\business\protected\controllers\SiteController.php(121): CController->render('signUp', Array)
#3 C:\make a website\business\protected\framework\web\actions\CInlineAction.php(49): SiteController->actionSignUp()
#4 C:\make a website\business\protected\framework\web\CController.php(308): CInlineAction->runWithParams(Array)
#5 C:\make a website\business\protected\framework\web\CController.php(286): CController->runAction(Object(CInlineAction))
#6 C:\make a website\business\protected\framework\web\CController.php(265): CController->runActionWithFilters(Object(CInlineAction), Array)
#7 C:\make a website\business\protected\framework\web\CWebApplication.php(282): CController->run('signup')
#8 C:\make a website\business\protected\framework\web\CWebApplication.php(141): CWebApplication->runController('site/signup')
#9 C:\make a website\business\protected\framework\base\CApplication.php(169): CWebApplication->processRequest()
#10 C:\make a website\business\index.php(13): CApplication->run()
#11 {main}
REQUEST_URI=/signup
HTTP_REFERER=http://business/
---
2013/08/14 19:07:26 [error] [exception.CException] exception 'CException' with message 'Property "CActiveForm.class" is not defined.' in C:\make a website\business\protected\framework\base\CComponent.php:173
Stack trace:
#0 C:\make a website\business\protected\framework\web\CWidgetFactory.php(161): CComponent->__set('class', 'form-horizontal...')
#1 C:\make a website\business\protected\framework\web\CBaseController.php(146): CWidgetFactory->createWidget(Object(SiteController), 'CActiveForm', Array)
#2 C:\make a website\business\protected\framework\web\CBaseController.php(189): CBaseController->createWidget('CActiveForm', Array)
#3 C:\make a website\business\protected\views\site\signUp.php(14): CBaseController->beginWidget('CActiveForm', Array)
#4 C:\make a website\business\protected\framework\web\CBaseController.php(126): require('C:\make a websi...')
#5 C:\make a website\business\protected\framework\web\CBaseController.php(95): CBaseController->renderInternal('C:\make a websi...', Array, true)
#6 C:\make a website\business\protected\framework\web\CController.php(869): CBaseController->renderFile('C:\make a websi...', Array, true)
#7 C:\make a website\business\protected\framework\web\CController.php(782): CController->renderPartial('signUp', Array, true)
#8 C:\make a website\business\protected\controllers\SiteController.php(121): CController->render('signUp', Array)
#9 C:\make a website\business\protected\framework\web\actions\CInlineAction.php(49): SiteController->actionSignUp()
#10 C:\make a website\business\protected\framework\web\CController.php(308): CInlineAction->runWithParams(Array)
#11 C:\make a website\business\protected\framework\web\CController.php(286): CController->runAction(Object(CInlineAction))
#12 C:\make a website\business\protected\framework\web\CController.php(265): CController->runActionWithFilters(Object(CInlineAction), Array)
#13 C:\make a website\business\protected\framework\web\CWebApplication.php(282): CController->run('signup')
#14 C:\make a website\business\protected\framework\web\CWebApplication.php(141): CWebApplication->runController('site/signup')
#15 C:\make a website\business\protected\framework\base\CApplication.php(169): CWebApplication->processRequest()
#16 C:\make a website\business\index.php(13): CApplication->run()
#17 {main}
REQUEST_URI=/signup
HTTP_REFERER=http://business/
---
2013/08/14 19:08:23 [error] [exception.CException] exception 'CException' with message 'Property "CActiveForm.htmloptions" is not defined.' in C:\make a website\business\protected\framework\base\CComponent.php:173
Stack trace:
#0 C:\make a website\business\protected\framework\web\CWidgetFactory.php(161): CComponent->__set('htmloptions', Array)
#1 C:\make a website\business\protected\framework\web\CBaseController.php(146): CWidgetFactory->createWidget(Object(SiteController), 'CActiveForm', Array)
#2 C:\make a website\business\protected\framework\web\CBaseController.php(189): CBaseController->createWidget('CActiveForm', Array)
#3 C:\make a website\business\protected\views\site\signUp.php(15): CBaseController->beginWidget('CActiveForm', Array)
#4 C:\make a website\business\protected\framework\web\CBaseController.php(126): require('C:\make a websi...')
#5 C:\make a website\business\protected\framework\web\CBaseController.php(95): CBaseController->renderInternal('C:\make a websi...', Array, true)
#6 C:\make a website\business\protected\framework\web\CController.php(869): CBaseController->renderFile('C:\make a websi...', Array, true)
#7 C:\make a website\business\protected\framework\web\CController.php(782): CController->renderPartial('signUp', Array, true)
#8 C:\make a website\business\protected\controllers\SiteController.php(121): CController->render('signUp', Array)
#9 C:\make a website\business\protected\framework\web\actions\CInlineAction.php(49): SiteController->actionSignUp()
#10 C:\make a website\business\protected\framework\web\CController.php(308): CInlineAction->runWithParams(Array)
#11 C:\make a website\business\protected\framework\web\CController.php(286): CController->runAction(Object(CInlineAction))
#12 C:\make a website\business\protected\framework\web\CController.php(265): CController->runActionWithFilters(Object(CInlineAction), Array)
#13 C:\make a website\business\protected\framework\web\CWebApplication.php(282): CController->run('signup')
#14 C:\make a website\business\protected\framework\web\CWebApplication.php(141): CWebApplication->runController('site/signup')
#15 C:\make a website\business\protected\framework\base\CApplication.php(169): CWebApplication->processRequest()
#16 C:\make a website\business\index.php(13): CApplication->run()
#17 {main}
REQUEST_URI=/signup
HTTP_REFERER=http://business/
---
2013/08/14 19:08:25 [error] [exception.CException] exception 'CException' with message 'Property "CActiveForm.htmloptions" is not defined.' in C:\make a website\business\protected\framework\base\CComponent.php:173
Stack trace:
#0 C:\make a website\business\protected\framework\web\CWidgetFactory.php(161): CComponent->__set('htmloptions', Array)
#1 C:\make a website\business\protected\framework\web\CBaseController.php(146): CWidgetFactory->createWidget(Object(SiteController), 'CActiveForm', Array)
#2 C:\make a website\business\protected\framework\web\CBaseController.php(189): CBaseController->createWidget('CActiveForm', Array)
#3 C:\make a website\business\protected\views\site\signUp.php(15): CBaseController->beginWidget('CActiveForm', Array)
#4 C:\make a website\business\protected\framework\web\CBaseController.php(126): require('C:\make a websi...')
#5 C:\make a website\business\protected\framework\web\CBaseController.php(95): CBaseController->renderInternal('C:\make a websi...', Array, true)
#6 C:\make a website\business\protected\framework\web\CController.php(869): CBaseController->renderFile('C:\make a websi...', Array, true)
#7 C:\make a website\business\protected\framework\web\CController.php(782): CController->renderPartial('signUp', Array, true)
#8 C:\make a website\business\protected\controllers\SiteController.php(121): CController->render('signUp', Array)
#9 C:\make a website\business\protected\framework\web\actions\CInlineAction.php(49): SiteController->actionSignUp()
#10 C:\make a website\business\protected\framework\web\CController.php(308): CInlineAction->runWithParams(Array)
#11 C:\make a website\business\protected\framework\web\CController.php(286): CController->runAction(Object(CInlineAction))
#12 C:\make a website\business\protected\framework\web\CController.php(265): CController->runActionWithFilters(Object(CInlineAction), Array)
#13 C:\make a website\business\protected\framework\web\CWebApplication.php(282): CController->run('signup')
#14 C:\make a website\business\protected\framework\web\CWebApplication.php(141): CWebApplication->runController('site/signup')
#15 C:\make a website\business\protected\framework\base\CApplication.php(169): CWebApplication->processRequest()
#16 C:\make a website\business\index.php(13): CApplication->run()
#17 {main}
REQUEST_URI=/signup
HTTP_REFERER=http://business/
---
2013/08/14 19:11:21 [error] [exception.CException] exception 'CException' with message 'Property "UsersModel.confirm" is not defined.' in C:\make a website\business\protected\framework\base\CComponent.php:130
Stack trace:
#0 C:\make a website\business\protected\framework\db\ar\CActiveRecord.php(143): CComponent->__get('confirm')
#1 C:\make a website\business\protected\framework\web\helpers\CHtml.php(2255): CActiveRecord->__get('confirm')
#2 C:\make a website\business\protected\framework\web\helpers\CHtml.php(1980): CHtml::resolveValue(Object(UsersModel), 'confirm')
#3 C:\make a website\business\protected\framework\web\helpers\CHtml.php(1391): CHtml::activeInputField('password', Object(UsersModel), 'confirm', Array)
#4 C:\make a website\business\protected\framework\web\widgets\CActiveForm.php(687): CHtml::activePasswordField(Object(UsersModel), 'confirm', Array)
#5 C:\make a website\business\protected\views\site\signUp.php(48): CActiveForm->passwordField(Object(UsersModel), 'confirm', Array)
#6 C:\make a website\business\protected\framework\web\CBaseController.php(126): require('C:\make a websi...')
#7 C:\make a website\business\protected\framework\web\CBaseController.php(95): CBaseController->renderInternal('C:\make a websi...', Array, true)
#8 C:\make a website\business\protected\framework\web\CController.php(869): CBaseController->renderFile('C:\make a websi...', Array, true)
#9 C:\make a website\business\protected\framework\web\CController.php(782): CController->renderPartial('signUp', Array, true)
#10 C:\make a website\business\protected\controllers\SiteController.php(121): CController->render('signUp', Array)
#11 C:\make a website\business\protected\framework\web\actions\CInlineAction.php(49): SiteController->actionSignUp()
#12 C:\make a website\business\protected\framework\web\CController.php(308): CInlineAction->runWithParams(Array)
#13 C:\make a website\business\protected\framework\web\CController.php(286): CController->runAction(Object(CInlineAction))
#14 C:\make a website\business\protected\framework\web\CController.php(265): CController->runActionWithFilters(Object(CInlineAction), Array)
#15 C:\make a website\business\protected\framework\web\CWebApplication.php(282): CController->run('signup')
#16 C:\make a website\business\protected\framework\web\CWebApplication.php(141): CWebApplication->runController('site/signup')
#17 C:\make a website\business\protected\framework\base\CApplication.php(169): CWebApplication->processRequest()
#18 C:\make a website\business\index.php(13): CApplication->run()
#19 {main}
REQUEST_URI=/signup
HTTP_REFERER=http://business/
---
2013/08/15 00:14:13 [error] [exception.CHttpException.404] exception 'CHttpException' with message 'Unable to resolve the request "favicon.ico".' in C:\make a website\business\protected\framework\web\CWebApplication.php:286
Stack trace:
#0 C:\make a website\business\protected\framework\web\CWebApplication.php(141): CWebApplication->runController('favicon.ico')
#1 C:\make a website\business\protected\framework\base\CApplication.php(169): CWebApplication->processRequest()
#2 C:\make a website\business\index.php(13): CApplication->run()
#3 {main}
REQUEST_URI=/favicon.ico
---
2013/08/15 00:14:13 [error] [exception.CHttpException.404] exception 'CHttpException' with message 'Unable to resolve the request "favicon.ico".' in C:\make a website\business\protected\framework\web\CWebApplication.php:286
Stack trace:
#0 C:\make a website\business\protected\framework\web\CWebApplication.php(141): CWebApplication->runController('favicon.ico')
#1 C:\make a website\business\protected\framework\base\CApplication.php(169): CWebApplication->processRequest()
#2 C:\make a website\business\index.php(13): CApplication->run()
#3 {main}
REQUEST_URI=/favicon.ico
---
2013/08/15 00:14:18 [error] [exception.CHttpException.404] exception 'CHttpException' with message 'Unable to resolve the request "signup.html".' in C:\make a website\business\protected\framework\web\CWebApplication.php:286
Stack trace:
#0 C:\make a website\business\protected\framework\web\CWebApplication.php(141): CWebApplication->runController('signup.html')
#1 C:\make a website\business\protected\framework\base\CApplication.php(169): CWebApplication->processRequest()
#2 C:\make a website\business\index.php(13): CApplication->run()
#3 {main}
REQUEST_URI=/signup.html
HTTP_REFERER=http://business/login
---
